<?xml version="1.0" encoding="UTF-8"?>
<testng-results ignored="0" total="1" passed="1" failed="0" skipped="0">
  <reporter-output>
  </reporter-output>
  <suite started-at="2023-07-05T10:14:46 IST" name="Default suite" finished-at="2023-07-05T10:14:52 IST" duration-ms="5294">
    <groups>
    </groups>
    <test started-at="2023-07-05T10:14:46 IST" name="Default test" finished-at="2023-07-05T10:14:52 IST" duration-ms="5294">
      <class name="timeoutkeys.TestNG_5_TimeOut">
        <test-method is-config="true" signature="beforeTest()[pri:0, instance:timeoutkeys.TestNG_5_TimeOut@408d971b]" started-at="2023-07-05T10:14:46 IST" name="beforeTest" finished-at="2023-07-05T10:14:49 IST" duration-ms="2894" status="PASS">
          <reporter-output>
          </reporter-output>
        </test-method> <!-- beforeTest -->
        <test-method signature="f()[pri:0, instance:timeoutkeys.TestNG_5_TimeOut@408d971b]" started-at="2023-07-05T10:14:49 IST" name="f" finished-at="2023-07-05T10:14:51 IST" duration-ms="2312" status="PASS">
          <reporter-output>
          </reporter-output>
        </test-method> <!-- f -->
      </class> <!-- timeoutkeys.TestNG_5_TimeOut -->
    </test> <!-- Default test -->
  </suite> <!-- Default suite -->
</testng-results>
